>> python3 /projectnb/vcres/myousry/MPRA/scripts/make_counts.py /projectnb/vcres/myousry/MPRA/data/samples/Plasmid_r1.fastq.gz Plasmid_r1 2 20
>> python3 /projectnb/vcres/myousry/MPRA/scripts/associate_tags.py Plasmid_r1.match /projectnb/vcres/myousry/MPRA/results/01_match/OL49_trial.merged.match.enh.mapped.barcode.ct.parsed Plasmid_r1.tag 2
>> python3 /projectnb/vcres/myousry/MPRA/scripts/make_counts.py /projectnb/vcres/myousry/MPRA/data/samples/Plasmid_r2.fastq.gz Plasmid_r2 2 20
>> python3 /projectnb/vcres/myousry/MPRA/scripts/associate_tags.py Plasmid_r2.match /projectnb/vcres/myousry/MPRA/results/01_match/OL49_trial.merged.match.enh.mapped.barcode.ct.parsed Plasmid_r2.tag 2
>> python3 /projectnb/vcres/myousry/MPRA/scripts/make_counts.py /projectnb/vcres/myousry/MPRA/data/samples/Plasmid_r3.fastq.gz Plasmid_r3 2 20
>> python3 /projectnb/vcres/myousry/MPRA/scripts/associate_tags.py Plasmid_r3.match /projectnb/vcres/myousry/MPRA/results/01_match/OL49_trial.merged.match.enh.mapped.barcode.ct.parsed Plasmid_r3.tag 2
>> python3 /projectnb/vcres/myousry/MPRA/scripts/make_counts.py /projectnb/vcres/myousry/MPRA/data/samples/Plasmid_r4.fastq.gz Plasmid_r4 2 20
>> python3 /projectnb/vcres/myousry/MPRA/scripts/associate_tags.py Plasmid_r4.match /projectnb/vcres/myousry/MPRA/results/01_match/OL49_trial.merged.match.enh.mapped.barcode.ct.parsed Plasmid_r4.tag 2
>> python3 /projectnb/vcres/myousry/MPRA/scripts/make_counts.py /projectnb/vcres/myousry/MPRA/data/samples/A549_r1.fastq.gz A549_r1 2 20
>> python3 /projectnb/vcres/myousry/MPRA/scripts/associate_tags.py A549_r1.match /projectnb/vcres/myousry/MPRA/results/01_match/OL49_trial.merged.match.enh.mapped.barcode.ct.parsed A549_r1.tag 2
>> python3 /projectnb/vcres/myousry/MPRA/scripts/make_counts.py /projectnb/vcres/myousry/MPRA/data/samples/A549_r2.fastq.gz A549_r2 2 20
>> python3 /projectnb/vcres/myousry/MPRA/scripts/associate_tags.py A549_r2.match /projectnb/vcres/myousry/MPRA/results/01_match/OL49_trial.merged.match.enh.mapped.barcode.ct.parsed A549_r2.tag 2
>> python3 /projectnb/vcres/myousry/MPRA/scripts/make_counts.py /projectnb/vcres/myousry/MPRA/data/samples/A549_r3.fastq.gz A549_r3 2 20
>> python3 /projectnb/vcres/myousry/MPRA/scripts/associate_tags.py A549_r3.match /projectnb/vcres/myousry/MPRA/results/01_match/OL49_trial.merged.match.enh.mapped.barcode.ct.parsed A549_r3.tag 2
>> python3 /projectnb/vcres/myousry/MPRA/scripts/make_counts.py /projectnb/vcres/myousry/MPRA/data/samples/GM12878_r1.fastq.gz GM12878_r1 2 20
>> python3 /projectnb/vcres/myousry/MPRA/scripts/associate_tags.py GM12878_r1.match /projectnb/vcres/myousry/MPRA/results/01_match/OL49_trial.merged.match.enh.mapped.barcode.ct.parsed GM12878_r1.tag 2
>> python3 /projectnb/vcres/myousry/MPRA/scripts/make_counts.py /projectnb/vcres/myousry/MPRA/data/samples/GM12878_r2.fastq.gz GM12878_r2 2 20
>> python3 /projectnb/vcres/myousry/MPRA/scripts/associate_tags.py GM12878_r2.match /projectnb/vcres/myousry/MPRA/results/01_match/OL49_trial.merged.match.enh.mapped.barcode.ct.parsed GM12878_r2.tag 2
>> python3 /projectnb/vcres/myousry/MPRA/scripts/make_counts.py /projectnb/vcres/myousry/MPRA/data/samples/GM12878_r3.fastq.gz GM12878_r3 2 20
>> python3 /projectnb/vcres/myousry/MPRA/scripts/associate_tags.py GM12878_r3.match /projectnb/vcres/myousry/MPRA/results/01_match/OL49_trial.merged.match.enh.mapped.barcode.ct.parsed GM12878_r3.tag 2
>> python3 /projectnb/vcres/myousry/MPRA/scripts/make_counts.py /projectnb/vcres/myousry/MPRA/data/samples/GM12878_r4.fastq.gz GM12878_r4 2 20
>> python3 /projectnb/vcres/myousry/MPRA/scripts/associate_tags.py GM12878_r4.match /projectnb/vcres/myousry/MPRA/results/01_match/OL49_trial.merged.match.enh.mapped.barcode.ct.parsed GM12878_r4.tag 2
>> python3 /projectnb/vcres/myousry/MPRA/scripts/make_counts.py /projectnb/vcres/myousry/MPRA/data/samples/HEK293_r1.fastq.gz HEK293_r1 2 20
>> python3 /projectnb/vcres/myousry/MPRA/scripts/associate_tags.py HEK293_r1.match /projectnb/vcres/myousry/MPRA/results/01_match/OL49_trial.merged.match.enh.mapped.barcode.ct.parsed HEK293_r1.tag 2
>> python3 /projectnb/vcres/myousry/MPRA/scripts/make_counts.py /projectnb/vcres/myousry/MPRA/data/samples/HEK293_r2.fastq.gz HEK293_r2 2 20
>> python3 /projectnb/vcres/myousry/MPRA/scripts/associate_tags.py HEK293_r2.match /projectnb/vcres/myousry/MPRA/results/01_match/OL49_trial.merged.match.enh.mapped.barcode.ct.parsed HEK293_r2.tag 2
>> python3 /projectnb/vcres/myousry/MPRA/scripts/make_counts.py /projectnb/vcres/myousry/MPRA/data/samples/HEK293_r3.fastq.gz HEK293_r3 2 20
>> python3 /projectnb/vcres/myousry/MPRA/scripts/associate_tags.py HEK293_r3.match /projectnb/vcres/myousry/MPRA/results/01_match/OL49_trial.merged.match.enh.mapped.barcode.ct.parsed HEK293_r3.tag 2
>> python3 /projectnb/vcres/myousry/MPRA/scripts/make_counts.py /projectnb/vcres/myousry/MPRA/data/samples/HEK293_r4.fastq.gz HEK293_r4 2 20
>> python3 /projectnb/vcres/myousry/MPRA/scripts/associate_tags.py HEK293_r4.match /projectnb/vcres/myousry/MPRA/results/01_match/OL49_trial.merged.match.enh.mapped.barcode.ct.parsed HEK293_r4.tag 2
>> python3 /projectnb/vcres/myousry/MPRA/scripts/make_counts.py /projectnb/vcres/myousry/MPRA/data/samples/Jurkat_r1.fastq.gz Jurkat_r1 2 20
>> python3 /projectnb/vcres/myousry/MPRA/scripts/associate_tags.py Jurkat_r1.match /projectnb/vcres/myousry/MPRA/results/01_match/OL49_trial.merged.match.enh.mapped.barcode.ct.parsed Jurkat_r1.tag 2
>> python3 /projectnb/vcres/myousry/MPRA/scripts/make_counts.py /projectnb/vcres/myousry/MPRA/data/samples/Jurkat_r2.fastq.gz Jurkat_r2 2 20
>> python3 /projectnb/vcres/myousry/MPRA/scripts/associate_tags.py Jurkat_r2.match /projectnb/vcres/myousry/MPRA/results/01_match/OL49_trial.merged.match.enh.mapped.barcode.ct.parsed Jurkat_r2.tag 2
>> python3 /projectnb/vcres/myousry/MPRA/scripts/make_counts.py /projectnb/vcres/myousry/MPRA/data/samples/Jurkat_r3.fastq.gz Jurkat_r3 2 20
>> python3 /projectnb/vcres/myousry/MPRA/scripts/associate_tags.py Jurkat_r3.match /projectnb/vcres/myousry/MPRA/results/01_match/OL49_trial.merged.match.enh.mapped.barcode.ct.parsed Jurkat_r3.tag 2
>> python3 /projectnb/vcres/myousry/MPRA/scripts/make_counts.py /projectnb/vcres/myousry/MPRA/data/samples/Jurkat_r4.fastq.gz Jurkat_r4 2 20
>> python3 /projectnb/vcres/myousry/MPRA/scripts/associate_tags.py Jurkat_r4.match /projectnb/vcres/myousry/MPRA/results/01_match/OL49_trial.merged.match.enh.mapped.barcode.ct.parsed Jurkat_r4.tag 2
>> python3 /projectnb/vcres/myousry/MPRA/scripts/make_counts.py /projectnb/vcres/myousry/MPRA/data/samples/Jurkat_r5.fastq.gz Jurkat_r5 2 20
>> python3 /projectnb/vcres/myousry/MPRA/scripts/associate_tags.py Jurkat_r5.match /projectnb/vcres/myousry/MPRA/results/01_match/OL49_trial.merged.match.enh.mapped.barcode.ct.parsed Jurkat_r5.tag 2
>> python3 /projectnb/vcres/myousry/MPRA/scripts/make_counts.py /projectnb/vcres/myousry/MPRA/data/samples/K562_r1.fastq.gz K562_r1 2 20
>> python3 /projectnb/vcres/myousry/MPRA/scripts/associate_tags.py K562_r1.match /projectnb/vcres/myousry/MPRA/results/01_match/OL49_trial.merged.match.enh.mapped.barcode.ct.parsed K562_r1.tag 2
>> python3 /projectnb/vcres/myousry/MPRA/scripts/make_counts.py /projectnb/vcres/myousry/MPRA/data/samples/K562_r2.fastq.gz K562_r2 2 20
>> python3 /projectnb/vcres/myousry/MPRA/scripts/associate_tags.py K562_r2.match /projectnb/vcres/myousry/MPRA/results/01_match/OL49_trial.merged.match.enh.mapped.barcode.ct.parsed K562_r2.tag 2
>> python3 /projectnb/vcres/myousry/MPRA/scripts/make_counts.py /projectnb/vcres/myousry/MPRA/data/samples/K562_r3.fastq.gz K562_r3 2 20
>> python3 /projectnb/vcres/myousry/MPRA/scripts/associate_tags.py K562_r3.match /projectnb/vcres/myousry/MPRA/results/01_match/OL49_trial.merged.match.enh.mapped.barcode.ct.parsed K562_r3.tag 2
>> python3 /projectnb/vcres/myousry/MPRA/scripts/make_counts.py /projectnb/vcres/myousry/MPRA/data/samples/K562_r4.fastq.gz K562_r4 2 20
>> python3 /projectnb/vcres/myousry/MPRA/scripts/associate_tags.py K562_r4.match /projectnb/vcres/myousry/MPRA/results/01_match/OL49_trial.merged.match.enh.mapped.barcode.ct.parsed K562_r4.tag 2
>> python3 /projectnb/vcres/myousry/MPRA/scripts/make_counts.py /projectnb/vcres/myousry/MPRA/data/samples/MRC5_r1.fastq.gz MRC5_r1 2 20
>> python3 /projectnb/vcres/myousry/MPRA/scripts/associate_tags.py MRC5_r1.match /projectnb/vcres/myousry/MPRA/results/01_match/OL49_trial.merged.match.enh.mapped.barcode.ct.parsed MRC5_r1.tag 2
>> python3 /projectnb/vcres/myousry/MPRA/scripts/make_counts.py /projectnb/vcres/myousry/MPRA/data/samples/MRC5_r2.fastq.gz MRC5_r2 2 20
>> python3 /projectnb/vcres/myousry/MPRA/scripts/associate_tags.py MRC5_r2.match /projectnb/vcres/myousry/MPRA/results/01_match/OL49_trial.merged.match.enh.mapped.barcode.ct.parsed MRC5_r2.tag 2
>> python3 /projectnb/vcres/myousry/MPRA/scripts/make_counts.py /projectnb/vcres/myousry/MPRA/data/samples/MRC5_r3.fastq.gz MRC5_r3 2 20
>> python3 /projectnb/vcres/myousry/MPRA/scripts/associate_tags.py MRC5_r3.match /projectnb/vcres/myousry/MPRA/results/01_match/OL49_trial.merged.match.enh.mapped.barcode.ct.parsed MRC5_r3.tag 2
>> python3 /projectnb/vcres/myousry/MPRA/scripts/make_counts.py /projectnb/vcres/myousry/MPRA/data/samples/MRC5_r4.fastq.gz MRC5_r4 2 20
>> python3 /projectnb/vcres/myousry/MPRA/scripts/associate_tags.py MRC5_r4.match /projectnb/vcres/myousry/MPRA/results/01_match/OL49_trial.merged.match.enh.mapped.barcode.ct.parsed MRC5_r4.tag 2
>> python3 /projectnb/vcres/myousry/MPRA/scripts/make_infile.py Plasmid_r1,Plasmid_r2,Plasmid_r3,Plasmid_r4,A549_r1,A549_r2,A549_r3,GM12878_r1,GM12878_r2,GM12878_r3,GM12878_r4,HEK293_r1,HEK293_r2,HEK293_r3,HEK293_r4,Jurkat_r1,Jurkat_r2,Jurkat_r3,Jurkat_r4,Jurkat_r5,K562_r1,K562_r2,K562_r3,K562_r4,MRC5_r1,MRC5_r2,MRC5_r3,MRC5_r4 Plasmid_r1.tag,Plasmid_r2.tag,Plasmid_r3.tag,Plasmid_r4.tag,A549_r1.tag,A549_r2.tag,A549_r3.tag,GM12878_r1.tag,GM12878_r2.tag,GM12878_r3.tag,GM12878_r4.tag,HEK293_r1.tag,HEK293_r2.tag,HEK293_r3.tag,HEK293_r4.tag,Jurkat_r1.tag,Jurkat_r2.tag,Jurkat_r3.tag,Jurkat_r4.tag,Jurkat_r5.tag,K562_r1.tag,K562_r2.tag,K562_r3.tag,K562_r4.tag,MRC5_r1.tag,MRC5_r2.tag,MRC5_r3.tag,MRC5_r4.tag OL49_trial_samples.txt
>> python3 /projectnb/vcres/myousry/MPRA/scripts/compile_bc_cs.py -ECSM -A 0.05 OL49_trial_samples.txt OL49_trial.count
>> python3 /projectnb/vcres/myousry/MPRA/scripts/compile_bc_cs.py -ECSM -A 0.05 OL49_trial_samples.txt OL49_trial.count
>> awk '/Summary for sample=/ { match($0, /sample=([^,]+)/, a); match($0, /key=([^:]+)/, b); match($0, /count=([0-9]+)/, c); match($0, /sum=([0-9]+)/, d); if (a[1] && b[1] && c[1] && d[1]) { printf "%s\t%s\t%s\t%s\n", a[1], b[1], c[1], d[1]; } }' OL49_trial.count.log > OL49_trial.stats
>> python3 /projectnb/vcres/myousry/MPRA/scripts/read_stats.py OL49_trial.stats /projectnb/vcres/myousry/MPRA/config/acc_id.txt OL49_trial /projectnb/vcres/myousry/MPRA/results/02_count
>> python3 /projectnb/vcres/myousry/MPRA/scripts/count_qc.py /projectnb/vcres/myousry/MPRA/config/acc_id.txt OL49_trial.count OL49_trial /projectnb/vcres/myousry/MPRA/results/02_count
Wrote condition file to /projectnb/vcres/myousry/MPRA/results/02_count/OL49_trial_condition.txt
Barcode	Oligo	Aln_Start:Stop	Plasmid_r1	Plasmid_r2	Plasmid_r3	Plasmid_r4	A549_r1	A549_r2	A549_r3	GM12878_r1	GM12878_r2	GM12878_r3	GM12878_r4	HEK293_r1	HEK293_r2	HEK293_r3	HEK293_r4	Jurkat_r1	Jurkat_r2	Jurkat_r3	Jurkat_r4	Jurkat_r5	K562_r1	K562_r2	K562_r3	K562_r4	MRC5_r1	MRC5_r2	MRC5_r3	MRC5_r4

Celltype: A549
Replicates: A549_r1 A549_r2 A549_r3

Celltype: GM12878
Replicates: GM12878_r1 GM12878_r2 GM12878_r3 GM12878_r4

Celltype: HEK293
Replicates: HEK293_r1 HEK293_r2 HEK293_r3 HEK293_r4

Celltype: Jurkat
Replicates: Jurkat_r1 Jurkat_r2 Jurkat_r3 Jurkat_r4 Jurkat_r5

Celltype: K562
Replicates: K562_r1 K562_r2 K562_r3 K562_r4

Celltype: MRC5
Replicates: MRC5_r1 MRC5_r2 MRC5_r3 MRC5_r4
>> python3 /projectnb/vcres/myousry/MPRA/scripts/read_stats.py OL49_trial.stats /projectnb/vcres/myousry/MPRA/config/acc_id.txt OL49_trial /projectnb/vcres/myousry/MPRA/results/02_count
>> python3 /projectnb/vcres/myousry/MPRA/scripts/count_qc.py /projectnb/vcres/myousry/MPRA/config/acc_id.txt OL49_trial.count OL49_trial /projectnb/vcres/myousry/MPRA/results/02_count
Wrote condition file to /projectnb/vcres/myousry/MPRA/results/02_count/OL49_trial_condition.txt
Barcode	Oligo	Aln_Start:Stop	Plasmid_r1	Plasmid_r2	Plasmid_r3	Plasmid_r4	A549_r1	A549_r2	A549_r3	GM12878_r1	GM12878_r2	GM12878_r3	GM12878_r4	HEK293_r1	HEK293_r2	HEK293_r3	HEK293_r4	Jurkat_r1	Jurkat_r2	Jurkat_r3	Jurkat_r4	Jurkat_r5	K562_r1	K562_r2	K562_r3	K562_r4	MRC5_r1	MRC5_r2	MRC5_r3	MRC5_r4

Celltype: A549
Replicates: A549_r1 A549_r2 A549_r3

Celltype: GM12878
Replicates: GM12878_r1 GM12878_r2 GM12878_r3 GM12878_r4

Celltype: HEK293
Replicates: HEK293_r1 HEK293_r2 HEK293_r3 HEK293_r4

Celltype: Jurkat
Replicates: Jurkat_r1 Jurkat_r2 Jurkat_r3 Jurkat_r4 Jurkat_r5

Celltype: K562
Replicates: K562_r1 K562_r2 K562_r3 K562_r4

Celltype: MRC5
Replicates: MRC5_r1 MRC5_r2 MRC5_r3 MRC5_r4
>> python3 /projectnb/vcres/myousry/MPRA/scripts/bc_raw.py OL49_trial_condition.txt OL49_trial.count OL49_trial /projectnb/vcres/myousry/MPRA/results/02_count
Skipping move for Plasmid_r1.match, already in /projectnb/vcres/myousry/MPRA/results/02_count/
Skipping move for Plasmid_r2.match, already in /projectnb/vcres/myousry/MPRA/results/02_count/
Skipping move for Plasmid_r3.match, already in /projectnb/vcres/myousry/MPRA/results/02_count/
Skipping move for Plasmid_r4.match, already in /projectnb/vcres/myousry/MPRA/results/02_count/
Skipping move for A549_r1.match, already in /projectnb/vcres/myousry/MPRA/results/02_count/
Skipping move for A549_r2.match, already in /projectnb/vcres/myousry/MPRA/results/02_count/
Skipping move for A549_r3.match, already in /projectnb/vcres/myousry/MPRA/results/02_count/
Skipping move for GM12878_r1.match, already in /projectnb/vcres/myousry/MPRA/results/02_count/
Skipping move for GM12878_r2.match, already in /projectnb/vcres/myousry/MPRA/results/02_count/
Skipping move for GM12878_r3.match, already in /projectnb/vcres/myousry/MPRA/results/02_count/
Skipping move for GM12878_r4.match, already in /projectnb/vcres/myousry/MPRA/results/02_count/
Skipping move for HEK293_r1.match, already in /projectnb/vcres/myousry/MPRA/results/02_count/
Skipping move for HEK293_r2.match, already in /projectnb/vcres/myousry/MPRA/results/02_count/
Skipping move for HEK293_r3.match, already in /projectnb/vcres/myousry/MPRA/results/02_count/
Skipping move for HEK293_r4.match, already in /projectnb/vcres/myousry/MPRA/results/02_count/
Skipping move for Jurkat_r1.match, already in /projectnb/vcres/myousry/MPRA/results/02_count/
Skipping move for Jurkat_r2.match, already in /projectnb/vcres/myousry/MPRA/results/02_count/
Skipping move for Jurkat_r3.match, already in /projectnb/vcres/myousry/MPRA/results/02_count/
Skipping move for Jurkat_r4.match, already in /projectnb/vcres/myousry/MPRA/results/02_count/
Skipping move for Jurkat_r5.match, already in /projectnb/vcres/myousry/MPRA/results/02_count/
Skipping move for K562_r1.match, already in /projectnb/vcres/myousry/MPRA/results/02_count/
Skipping move for K562_r2.match, already in /projectnb/vcres/myousry/MPRA/results/02_count/
Skipping move for K562_r3.match, already in /projectnb/vcres/myousry/MPRA/results/02_count/
Skipping move for K562_r4.match, already in /projectnb/vcres/myousry/MPRA/results/02_count/
Skipping move for MRC5_r1.match, already in /projectnb/vcres/myousry/MPRA/results/02_count/
Skipping move for MRC5_r2.match, already in /projectnb/vcres/myousry/MPRA/results/02_count/
Skipping move for MRC5_r3.match, already in /projectnb/vcres/myousry/MPRA/results/02_count/
Skipping move for MRC5_r4.match, already in /projectnb/vcres/myousry/MPRA/results/02_count/
Skipping move for Plasmid_r1.tag, already in /projectnb/vcres/myousry/MPRA/results/02_count/
Skipping move for Plasmid_r2.tag, already in /projectnb/vcres/myousry/MPRA/results/02_count/
Skipping move for Plasmid_r3.tag, already in /projectnb/vcres/myousry/MPRA/results/02_count/
Skipping move for Plasmid_r4.tag, already in /projectnb/vcres/myousry/MPRA/results/02_count/
Skipping move for A549_r1.tag, already in /projectnb/vcres/myousry/MPRA/results/02_count/
Skipping move for A549_r2.tag, already in /projectnb/vcres/myousry/MPRA/results/02_count/
Skipping move for A549_r3.tag, already in /projectnb/vcres/myousry/MPRA/results/02_count/
Skipping move for GM12878_r1.tag, already in /projectnb/vcres/myousry/MPRA/results/02_count/
Skipping move for GM12878_r2.tag, already in /projectnb/vcres/myousry/MPRA/results/02_count/
Skipping move for GM12878_r3.tag, already in /projectnb/vcres/myousry/MPRA/results/02_count/
Skipping move for GM12878_r4.tag, already in /projectnb/vcres/myousry/MPRA/results/02_count/
Skipping move for HEK293_r1.tag, already in /projectnb/vcres/myousry/MPRA/results/02_count/
Skipping move for HEK293_r2.tag, already in /projectnb/vcres/myousry/MPRA/results/02_count/
Skipping move for HEK293_r3.tag, already in /projectnb/vcres/myousry/MPRA/results/02_count/
Skipping move for HEK293_r4.tag, already in /projectnb/vcres/myousry/MPRA/results/02_count/
Skipping move for Jurkat_r1.tag, already in /projectnb/vcres/myousry/MPRA/results/02_count/
Skipping move for Jurkat_r2.tag, already in /projectnb/vcres/myousry/MPRA/results/02_count/
Skipping move for Jurkat_r3.tag, already in /projectnb/vcres/myousry/MPRA/results/02_count/
Skipping move for Jurkat_r4.tag, already in /projectnb/vcres/myousry/MPRA/results/02_count/
Skipping move for Jurkat_r5.tag, already in /projectnb/vcres/myousry/MPRA/results/02_count/
Skipping move for K562_r1.tag, already in /projectnb/vcres/myousry/MPRA/results/02_count/
Skipping move for K562_r2.tag, already in /projectnb/vcres/myousry/MPRA/results/02_count/
Skipping move for K562_r3.tag, already in /projectnb/vcres/myousry/MPRA/results/02_count/
Skipping move for K562_r4.tag, already in /projectnb/vcres/myousry/MPRA/results/02_count/
Skipping move for MRC5_r1.tag, already in /projectnb/vcres/myousry/MPRA/results/02_count/
Skipping move for MRC5_r2.tag, already in /projectnb/vcres/myousry/MPRA/results/02_count/
Skipping move for MRC5_r3.tag, already in /projectnb/vcres/myousry/MPRA/results/02_count/
Skipping move for MRC5_r4.tag, already in /projectnb/vcres/myousry/MPRA/results/02_count/
Skipping move for OL49_trial.count, already in /projectnb/vcres/myousry/MPRA/results/02_count/
Skipping move for OL49_trial.stats, already in /projectnb/vcres/myousry/MPRA/results/02_count/
Skipping move for OL49_trial_condition.txt, already in /projectnb/vcres/myousry/MPRA/results/02_count/
